<?xml version="1.0" encoding="UTF-8"?>
<!-- Generated by org.testng.reporters.JUnitXMLReporter -->
<testsuite ignored="0" hostname="DESKTOP-0R0S7MN" failures="0" tests="3" name="Test" time="22.147" errors="0" timestamp="2026-04-14T22:22:50 IST">
  <testcase classname="testCases.TC001_AccountRegistrationTest" name="Account_Registration" time="4.756"/>
  <testcase classname="testCases.TC002_Login" name="Login" time="2.776"/>
  <testcase classname="testCases.TC002_Login" name="Logout" time="0.857"/>
</testsuite> <!-- Test -->
