<?xml version="1.0" encoding="UTF-8"?>
<!-- Generated by org.testng.reporters.JUnitXMLReporter -->
<testsuite ignored="0" hostname="DESKTOP-0R0S7MN" failures="0" tests="3" name="Test" time="36.578" errors="0" timestamp="2026-04-16T00:00:13 IST">
  <testcase classname="testCases.TC001_AccountRegistrationTest" name="Account_Registration" time="5.649"/>
  <testcase classname="testCases.TC002_Login" name="Login" time="9.704"/>
  <testcase classname="testCases.TC002_Login" name="Logout" time="1.768"/>
</testsuite> <!-- Test -->
