<?xml version="1.0" encoding="UTF-8"?>
<!-- Generated by org.testng.reporters.JUnitXMLReporter -->
<testsuite ignored="0" hostname="DESKTOP-0R0S7MN" failures="0" tests="3" name="Test" time="25.172" errors="0" timestamp="2026-04-16T15:52:28 IST">
  <testcase classname="testCases.TC001_AccountRegistrationTest" name="Account_Registration" time="4.618"/>
  <testcase classname="testCases.TC002_Login" name="Login" time="2.449"/>
  <testcase classname="testCases.TC002_Login" name="Logout" time="0.707"/>
</testsuite> <!-- Test -->
